[debug] [2025-05-07T17:24:02.153Z] ----------------------------------------------------------------------
[debug] [2025-05-07T17:24:02.156Z] Command:       /nix/store/rbdrkcs5kkwpalxcd7c6bnm33lk2955n-nodejs-20.19.0/bin/node /home/user/.global_modules/bin/firebase emulators:start --only functions
[debug] [2025-05-07T17:24:02.156Z] CLI Version:   14.2.2
[debug] [2025-05-07T17:24:02.157Z] Platform:      linux
[debug] [2025-05-07T17:24:02.157Z] Node Version:  v20.19.0
[debug] [2025-05-07T17:24:02.157Z] Time:          Wed May 07 2025 17:24:02 GMT+0000 (Coordinated Universal Time)
[debug] [2025-05-07T17:24:02.157Z] ----------------------------------------------------------------------
[debug] 
[debug] [2025-05-07T17:24:02.687Z] Object "/hosting/frameworksBackend" in "firebase.json" has unknown property: {"additionalProperty":"serviceId"}
[debug] [2025-05-07T17:24:02.687Z] Field "/hosting" in "firebase.json" is possibly invalid: must be array
[debug] [2025-05-07T17:24:02.687Z] Field "/hosting" in "firebase.json" is possibly invalid: must match a schema in anyOf
[debug] [2025-05-07T17:24:02.713Z] > command requires scopes: ["email","openid","https://www.googleapis.com/auth/cloudplatformprojects.readonly","https://www.googleapis.com/auth/firebase","https://www.googleapis.com/auth/cloud-platform"]
[debug] [2025-05-07T17:24:14.707Z] Running auto auth
[info] i  emulators: Starting emulators: functions {"metadata":{"emulator":{"name":"hub"},"message":"Starting emulators: functions"}}
[warn] ⚠  hub: Error when trying to check port 4400 on ::1: Error: listen EADDRNOTAVAIL: address not available ::1:4400 {"metadata":{"emulator":{"name":"hub"},"message":"Error when trying to check port 4400 on ::1: Error: listen EADDRNOTAVAIL: address not available ::1:4400"}}
[warn] ⚠  hub: Port 4400 is available on 127.0.0.1 but not ::1. This may cause issues with some clients. {"metadata":{"emulator":{"name":"hub"},"message":"Port 4400 is available on 127.0.0.1 but not ::1. This may cause issues with some clients."}}
[warn] ⚠  hub: If you encounter connectivity issues, consider switching to a different port or explicitly specifying "host": "<ip address>" instead of hostname in firebase.json {"metadata":{"emulator":{"name":"hub"},"message":"If you encounter connectivity issues, consider switching to a different port or explicitly specifying \"host\": \"<ip address>\" instead of hostname in firebase.json"}}
[warn] ⚠  ui: Error when trying to check port 4000 on ::1: Error: listen EADDRNOTAVAIL: address not available ::1:4000 {"metadata":{"emulator":{"name":"ui"},"message":"Error when trying to check port 4000 on ::1: Error: listen EADDRNOTAVAIL: address not available ::1:4000"}}
[warn] ⚠  ui: Port 4000 is available on 127.0.0.1 but not ::1. This may cause issues with some clients. {"metadata":{"emulator":{"name":"ui"},"message":"Port 4000 is available on 127.0.0.1 but not ::1. This may cause issues with some clients."}}
[warn] ⚠  ui: If you encounter connectivity issues, consider switching to a different port or explicitly specifying "host": "<ip address>" instead of hostname in firebase.json {"metadata":{"emulator":{"name":"ui"},"message":"If you encounter connectivity issues, consider switching to a different port or explicitly specifying \"host\": \"<ip address>\" instead of hostname in firebase.json"}}
[warn] ⚠  logging: Error when trying to check port 4500 on ::1: Error: listen EADDRNOTAVAIL: address not available ::1:4500 {"metadata":{"emulator":{"name":"logging"},"message":"Error when trying to check port 4500 on ::1: Error: listen EADDRNOTAVAIL: address not available ::1:4500"}}
[warn] ⚠  logging: Port 4500 is available on 127.0.0.1 but not ::1. This may cause issues with some clients. {"metadata":{"emulator":{"name":"logging"},"message":"Port 4500 is available on 127.0.0.1 but not ::1. This may cause issues with some clients."}}
[warn] ⚠  logging: If you encounter connectivity issues, consider switching to a different port or explicitly specifying "host": "<ip address>" instead of hostname in firebase.json {"metadata":{"emulator":{"name":"logging"},"message":"If you encounter connectivity issues, consider switching to a different port or explicitly specifying \"host\": \"<ip address>\" instead of hostname in firebase.json"}}
[debug] [2025-05-07T17:24:14.780Z] assigned listening specs for emulators {"user":{"hub":[{"address":"127.0.0.1","family":"IPv4","port":4400}],"ui":[{"address":"127.0.0.1","family":"IPv4","port":4000}],"logging":[{"address":"127.0.0.1","family":"IPv4","port":4500}]},"metadata":{"message":"assigned listening specs for emulators"}}
[debug] [2025-05-07T17:24:14.787Z] [hub] writing locator at /tmp/hub-format-forward.json
[warn] ⚠  functions: Error when trying to check port 5001 on ::1: Error: listen EADDRNOTAVAIL: address not available ::1:5001 {"metadata":{"emulator":{"name":"functions"},"message":"Error when trying to check port 5001 on ::1: Error: listen EADDRNOTAVAIL: address not available ::1:5001"}}
[warn] ⚠  functions: Port 5001 is available on 127.0.0.1 but not ::1. This may cause issues with some clients. {"metadata":{"emulator":{"name":"functions"},"message":"Port 5001 is available on 127.0.0.1 but not ::1. This may cause issues with some clients."}}
[warn] ⚠  functions: If you encounter connectivity issues, consider switching to a different port or explicitly specifying "host": "<ip address>" instead of hostname in firebase.json {"metadata":{"emulator":{"name":"functions"},"message":"If you encounter connectivity issues, consider switching to a different port or explicitly specifying \"host\": \"<ip address>\" instead of hostname in firebase.json"}}
[warn] ⚠  eventarc: Error when trying to check port 9299 on ::1: Error: listen EADDRNOTAVAIL: address not available ::1:9299 {"metadata":{"emulator":{"name":"eventarc"},"message":"Error when trying to check port 9299 on ::1: Error: listen EADDRNOTAVAIL: address not available ::1:9299"}}
[warn] ⚠  eventarc: Port 9299 is available on 127.0.0.1 but not ::1. This may cause issues with some clients. {"metadata":{"emulator":{"name":"eventarc"},"message":"Port 9299 is available on 127.0.0.1 but not ::1. This may cause issues with some clients."}}
[warn] ⚠  eventarc: If you encounter connectivity issues, consider switching to a different port or explicitly specifying "host": "<ip address>" instead of hostname in firebase.json {"metadata":{"emulator":{"name":"eventarc"},"message":"If you encounter connectivity issues, consider switching to a different port or explicitly specifying \"host\": \"<ip address>\" instead of hostname in firebase.json"}}
[warn] ⚠  tasks: Error when trying to check port 9499 on ::1: Error: listen EADDRNOTAVAIL: address not available ::1:9499 {"metadata":{"emulator":{"name":"tasks"},"message":"Error when trying to check port 9499 on ::1: Error: listen EADDRNOTAVAIL: address not available ::1:9499"}}
[warn] ⚠  tasks: Port 9499 is available on 127.0.0.1 but not ::1. This may cause issues with some clients. {"metadata":{"emulator":{"name":"tasks"},"message":"Port 9499 is available on 127.0.0.1 but not ::1. This may cause issues with some clients."}}
[warn] ⚠  tasks: If you encounter connectivity issues, consider switching to a different port or explicitly specifying "host": "<ip address>" instead of hostname in firebase.json {"metadata":{"emulator":{"name":"tasks"},"message":"If you encounter connectivity issues, consider switching to a different port or explicitly specifying \"host\": \"<ip address>\" instead of hostname in firebase.json"}}
[debug] [2025-05-07T17:24:14.807Z] late-assigned ports for functions and eventarc emulators {"user":{"hub":[{"address":"127.0.0.1","family":"IPv4","port":4400}],"ui":[{"address":"127.0.0.1","family":"IPv4","port":4000}],"logging":[{"address":"127.0.0.1","family":"IPv4","port":4500}],"functions":[{"address":"127.0.0.1","family":"IPv4","port":5001}],"eventarc":[{"address":"127.0.0.1","family":"IPv4","port":9299}],"tasks":[{"address":"127.0.0.1","family":"IPv4","port":9499}]},"metadata":{"message":"late-assigned ports for functions and eventarc emulators"}}
[warn] ⚠  functions: The following emulators are not running, calls to these services from the Functions emulator will affect production: apphosting, auth, firestore, database, hosting, pubsub, storage, dataconnect {"metadata":{"emulator":{"name":"functions"},"message":"The following emulators are not running, calls to these services from the Functions emulator will affect production: apphosting, auth, firestore, database, hosting, pubsub, storage, dataconnect"}}
[warn] ⚠  functions: Application Default Credentials detected. Non-emulated services will access production using these credentials. Be careful! {"metadata":{"emulator":{"name":"functions"},"message":"Application Default Credentials detected. Non-emulated services will access production using these credentials. Be careful!"}}
[debug] [2025-05-07T17:24:33.559Z] No OAuth tokens found
[debug] [2025-05-07T17:24:33.563Z] >>> [apiv2][query] GET https://firebase.googleapis.com/v1beta1/projects/format-forward/adminSdkConfig [none]
[debug] [2025-05-07T17:24:33.887Z] <<< [apiv2][status] GET https://firebase.googleapis.com/v1beta1/projects/format-forward/adminSdkConfig 200
[debug] [2025-05-07T17:24:33.887Z] <<< [apiv2][body] GET https://firebase.googleapis.com/v1beta1/projects/format-forward/adminSdkConfig {"projectId":"format-forward","storageBucket":"format-forward.firebasestorage.app"}
[info] i  ui: downloading ui-v1.14.0.zip... {"metadata":{"emulator":{"name":"ui"},"message":"downloading ui-v1.14.0.zip..."}}
[debug] [2025-05-07T17:24:33.925Z] >>> [apiv2][query] GET https://storage.googleapis.com/firebase-preview-drop/emulator/ui-v1.14.0.zip 
[debug] [2025-05-07T17:24:34.027Z] <<< [apiv2][status] GET https://storage.googleapis.com/firebase-preview-drop/emulator/ui-v1.14.0.zip 200
[debug] [2025-05-07T17:24:34.027Z] <<< [apiv2][body] GET https://storage.googleapis.com/firebase-preview-drop/emulator/ui-v1.14.0.zip [stream]
[debug] [2025-05-07T17:24:34.237Z] Data is 3615311
[debug] [2025-05-07T17:24:34.237Z] [unzip] Entry: client/ (compressed_size=0 bytes, uncompressed_size=0 bytes)
[debug] [2025-05-07T17:24:34.238Z] [unzip] Processing entry: client/
[debug] [2025-05-07T17:24:34.238Z] [unzip] mkdir: /home/user/.cache/firebase/emulators/ui-v1.14.0/client/
[debug] [2025-05-07T17:24:34.243Z] [unzip] Entry: client/favicon-16x16.png (compressed_size=293 bytes, uncompressed_size=293 bytes)
[debug] [2025-05-07T17:24:34.243Z] [unzip] Processing entry: client/favicon-16x16.png
[debug] [2025-05-07T17:24:34.243Z] [unzip] else mkdir: /home/user/.cache/firebase/emulators/ui-v1.14.0/client
[debug] [2025-05-07T17:24:34.246Z] [unzip] Writing file: /home/user/.cache/firebase/emulators/ui-v1.14.0/client/favicon-16x16.png
[debug] [2025-05-07T17:24:34.247Z] [unzip] Entry: client/safari-pinned-tab.svg (compressed_size=1433 bytes, uncompressed_size=2611 bytes)
[debug] [2025-05-07T17:24:34.248Z] [unzip] Processing entry: client/safari-pinned-tab.svg
[debug] [2025-05-07T17:24:34.248Z] [unzip] else mkdir: /home/user/.cache/firebase/emulators/ui-v1.14.0/client
[debug] [2025-05-07T17:24:34.250Z] [unzip] deflating: /home/user/.cache/firebase/emulators/ui-v1.14.0/client/safari-pinned-tab.svg
[debug] [2025-05-07T17:24:34.261Z] [unzip] Entry: client/favicon.ico (compressed_size=2933 bytes, uncompressed_size=13294 bytes)
[debug] [2025-05-07T17:24:34.263Z] [unzip] Processing entry: client/favicon.ico
[debug] [2025-05-07T17:24:34.264Z] [unzip] else mkdir: /home/user/.cache/firebase/emulators/ui-v1.14.0/client
[debug] [2025-05-07T17:24:34.265Z] [unzip] deflating: /home/user/.cache/firebase/emulators/ui-v1.14.0/client/favicon.ico
[debug] [2025-05-07T17:24:34.270Z] [unzip] Entry: client/index.html (compressed_size=1363 bytes, uncompressed_size=3071 bytes)
[debug] [2025-05-07T17:24:34.274Z] [unzip] Processing entry: client/index.html
[debug] [2025-05-07T17:24:34.274Z] [unzip] else mkdir: /home/user/.cache/firebase/emulators/ui-v1.14.0/client
[debug] [2025-05-07T17:24:34.275Z] [unzip] deflating: /home/user/.cache/firebase/emulators/ui-v1.14.0/client/index.html
[debug] [2025-05-07T17:24:34.280Z] [unzip] Entry: client/android-chrome-192x192.png (compressed_size=2684 bytes, uncompressed_size=2684 bytes)
[debug] [2025-05-07T17:24:34.282Z] [unzip] Processing entry: client/android-chrome-192x192.png
[debug] [2025-05-07T17:24:34.282Z] [unzip] else mkdir: /home/user/.cache/firebase/emulators/ui-v1.14.0/client
[debug] [2025-05-07T17:24:34.283Z] [unzip] Writing file: /home/user/.cache/firebase/emulators/ui-v1.14.0/client/android-chrome-192x192.png
[debug] [2025-05-07T17:24:34.285Z] [unzip] Entry: client/apple-touch-icon.png (compressed_size=2123 bytes, uncompressed_size=2152 bytes)
[debug] [2025-05-07T17:24:34.287Z] [unzip] Processing entry: client/apple-touch-icon.png
[debug] [2025-05-07T17:24:34.287Z] [unzip] else mkdir: /home/user/.cache/firebase/emulators/ui-v1.14.0/client
[debug] [2025-05-07T17:24:34.288Z] [unzip] deflating: /home/user/.cache/firebase/emulators/ui-v1.14.0/client/apple-touch-icon.png
[debug] [2025-05-07T17:24:34.292Z] [unzip] Entry: client/android-chrome-512x512.png (compressed_size=5369 bytes, uncompressed_size=5411 bytes)
[debug] [2025-05-07T17:24:34.293Z] [unzip] Processing entry: client/android-chrome-512x512.png
[debug] [2025-05-07T17:24:34.293Z] [unzip] else mkdir: /home/user/.cache/firebase/emulators/ui-v1.14.0/client
[debug] [2025-05-07T17:24:34.298Z] [unzip] deflating: /home/user/.cache/firebase/emulators/ui-v1.14.0/client/android-chrome-512x512.png
[debug] [2025-05-07T17:24:34.300Z] [unzip] Entry: client/manifest.json (compressed_size=245 bytes, uncompressed_size=551 bytes)
[debug] [2025-05-07T17:24:34.300Z] [unzip] Processing entry: client/manifest.json
[debug] [2025-05-07T17:24:34.301Z] [unzip] else mkdir: /home/user/.cache/firebase/emulators/ui-v1.14.0/client
[debug] [2025-05-07T17:24:34.303Z] [unzip] deflating: /home/user/.cache/firebase/emulators/ui-v1.14.0/client/manifest.json
[debug] [2025-05-07T17:24:34.305Z] [unzip] Entry: client/robots.txt (compressed_size=26 bytes, uncompressed_size=26 bytes)
[debug] [2025-05-07T17:24:34.305Z] [unzip] Processing entry: client/robots.txt
[debug] [2025-05-07T17:24:34.306Z] [unzip] else mkdir: /home/user/.cache/firebase/emulators/ui-v1.14.0/client
[debug] [2025-05-07T17:24:34.306Z] [unzip] Writing file: /home/user/.cache/firebase/emulators/ui-v1.14.0/client/robots.txt
[debug] [2025-05-07T17:24:34.307Z] [unzip] Entry: client/mstile-150x150.png (compressed_size=2034 bytes, uncompressed_size=2034 bytes)
[debug] [2025-05-07T17:24:34.307Z] [unzip] Processing entry: client/mstile-150x150.png
[debug] [2025-05-07T17:24:34.307Z] [unzip] else mkdir: /home/user/.cache/firebase/emulators/ui-v1.14.0/client
[debug] [2025-05-07T17:24:34.307Z] [unzip] Writing file: /home/user/.cache/firebase/emulators/ui-v1.14.0/client/mstile-150x150.png
[debug] [2025-05-07T17:24:34.308Z] [unzip] Entry: client/assets/ (compressed_size=0 bytes, uncompressed_size=0 bytes)
[debug] [2025-05-07T17:24:34.308Z] [unzip] Processing entry: client/assets/
[debug] [2025-05-07T17:24:34.308Z] [unzip] mkdir: /home/user/.cache/firebase/emulators/ui-v1.14.0/client/assets/
[debug] [2025-05-07T17:24:34.309Z] [unzip] Entry: client/assets/index-ClZTY_JS.js.map (compressed_size=2328270 bytes, uncompressed_size=9947004 bytes)
[debug] [2025-05-07T17:24:34.309Z] [unzip] Processing entry: client/assets/index-ClZTY_JS.js.map
[debug] [2025-05-07T17:24:34.309Z] [unzip] else mkdir: /home/user/.cache/firebase/emulators/ui-v1.14.0/client/assets
[debug] [2025-05-07T17:24:34.309Z] [unzip] deflating: /home/user/.cache/firebase/emulators/ui-v1.14.0/client/assets/index-ClZTY_JS.js.map
[debug] [2025-05-07T17:24:34.461Z] [unzip] Entry: client/assets/index-ClZTY_JS.js (compressed_size=567195 bytes, uncompressed_size=2035940 bytes)
[debug] [2025-05-07T17:24:34.462Z] [unzip] Processing entry: client/assets/index-ClZTY_JS.js
[debug] [2025-05-07T17:24:34.462Z] [unzip] else mkdir: /home/user/.cache/firebase/emulators/ui-v1.14.0/client/assets
[debug] [2025-05-07T17:24:34.464Z] [unzip] deflating: /home/user/.cache/firebase/emulators/ui-v1.14.0/client/assets/index-ClZTY_JS.js
[debug] [2025-05-07T17:24:34.505Z] [unzip] Entry: client/assets/index-BdgySamB.css (compressed_size=35979 bytes, uncompressed_size=298654 bytes)
[debug] [2025-05-07T17:24:34.505Z] [unzip] Processing entry: client/assets/index-BdgySamB.css
[debug] [2025-05-07T17:24:34.505Z] [unzip] else mkdir: /home/user/.cache/firebase/emulators/ui-v1.14.0/client/assets
[debug] [2025-05-07T17:24:34.505Z] [unzip] deflating: /home/user/.cache/firebase/emulators/ui-v1.14.0/client/assets/index-BdgySamB.css
[debug] [2025-05-07T17:24:34.518Z] [unzip] Entry: client/assets/extensions/ (compressed_size=0 bytes, uncompressed_size=0 bytes)
[debug] [2025-05-07T17:24:34.519Z] [unzip] Processing entry: client/assets/extensions/
[debug] [2025-05-07T17:24:34.519Z] [unzip] mkdir: /home/user/.cache/firebase/emulators/ui-v1.14.0/client/assets/extensions/
[debug] [2025-05-07T17:24:34.519Z] [unzip] Entry: client/assets/extensions/default-extension.png (compressed_size=1646 bytes, uncompressed_size=1657 bytes)
[debug] [2025-05-07T17:24:34.520Z] [unzip] Processing entry: client/assets/extensions/default-extension.png
[debug] [2025-05-07T17:24:34.520Z] [unzip] else mkdir: /home/user/.cache/firebase/emulators/ui-v1.14.0/client/assets/extensions
[debug] [2025-05-07T17:24:34.520Z] [unzip] deflating: /home/user/.cache/firebase/emulators/ui-v1.14.0/client/assets/extensions/default-extension.png
[debug] [2025-05-07T17:24:34.522Z] [unzip] Entry: client/assets/img/ (compressed_size=0 bytes, uncompressed_size=0 bytes)
[debug] [2025-05-07T17:24:34.523Z] [unzip] Processing entry: client/assets/img/
[debug] [2025-05-07T17:24:34.523Z] [unzip] mkdir: /home/user/.cache/firebase/emulators/ui-v1.14.0/client/assets/img/
[debug] [2025-05-07T17:24:34.523Z] [unzip] Entry: client/assets/img/database.png (compressed_size=29449 bytes, uncompressed_size=29988 bytes)
[debug] [2025-05-07T17:24:34.524Z] [unzip] Processing entry: client/assets/img/database.png
[debug] [2025-05-07T17:24:34.524Z] [unzip] else mkdir: /home/user/.cache/firebase/emulators/ui-v1.14.0/client/assets/img
[debug] [2025-05-07T17:24:34.524Z] [unzip] deflating: /home/user/.cache/firebase/emulators/ui-v1.14.0/client/assets/img/database.png
[debug] [2025-05-07T17:24:34.527Z] [unzip] Entry: client/assets/provider-icons/ (compressed_size=0 bytes, uncompressed_size=0 bytes)
[debug] [2025-05-07T17:24:34.527Z] [unzip] Processing entry: client/assets/provider-icons/
[debug] [2025-05-07T17:24:34.527Z] [unzip] mkdir: /home/user/.cache/firebase/emulators/ui-v1.14.0/client/assets/provider-icons/
[debug] [2025-05-07T17:24:34.528Z] [unzip] Entry: client/assets/provider-icons/auth_service_saml.svg (compressed_size=575 bytes, uncompressed_size=1226 bytes)
[debug] [2025-05-07T17:24:34.528Z] [unzip] Processing entry: client/assets/provider-icons/auth_service_saml.svg
[debug] [2025-05-07T17:24:34.528Z] [unzip] else mkdir: /home/user/.cache/firebase/emulators/ui-v1.14.0/client/assets/provider-icons
[debug] [2025-05-07T17:24:34.529Z] [unzip] deflating: /home/user/.cache/firebase/emulators/ui-v1.14.0/client/assets/provider-icons/auth_service_saml.svg
[debug] [2025-05-07T17:24:34.531Z] [unzip] Entry: client/assets/provider-icons/auth_service_phone.svg (compressed_size=261 bytes, uncompressed_size=414 bytes)
[debug] [2025-05-07T17:24:34.532Z] [unzip] Processing entry: client/assets/provider-icons/auth_service_phone.svg
[debug] [2025-05-07T17:24:34.532Z] [unzip] else mkdir: /home/user/.cache/firebase/emulators/ui-v1.14.0/client/assets/provider-icons
[debug] [2025-05-07T17:24:34.532Z] [unzip] deflating: /home/user/.cache/firebase/emulators/ui-v1.14.0/client/assets/provider-icons/auth_service_phone.svg
[debug] [2025-05-07T17:24:34.534Z] [unzip] Entry: client/assets/provider-icons/auth_service_facebook.svg (compressed_size=289 bytes, uncompressed_size=457 bytes)
[debug] [2025-05-07T17:24:34.535Z] [unzip] Processing entry: client/assets/provider-icons/auth_service_facebook.svg
[debug] [2025-05-07T17:24:34.535Z] [unzip] else mkdir: /home/user/.cache/firebase/emulators/ui-v1.14.0/client/assets/provider-icons
[debug] [2025-05-07T17:24:34.535Z] [unzip] deflating: /home/user/.cache/firebase/emulators/ui-v1.14.0/client/assets/provider-icons/auth_service_facebook.svg
[debug] [2025-05-07T17:24:34.540Z] [unzip] Entry: client/assets/provider-icons/auth_service_game_center.svg (compressed_size=991 bytes, uncompressed_size=3921 bytes)
[debug] [2025-05-07T17:24:34.540Z] [unzip] Processing entry: client/assets/provider-icons/auth_service_game_center.svg
[debug] [2025-05-07T17:24:34.540Z] [unzip] else mkdir: /home/user/.cache/firebase/emulators/ui-v1.14.0/client/assets/provider-icons
[debug] [2025-05-07T17:24:34.543Z] [unzip] deflating: /home/user/.cache/firebase/emulators/ui-v1.14.0/client/assets/provider-icons/auth_service_game_center.svg
[debug] [2025-05-07T17:24:34.545Z] [unzip] Entry: client/assets/provider-icons/auth_service_apple.svg (compressed_size=230 bytes, uncompressed_size=334 bytes)
[debug] [2025-05-07T17:24:34.545Z] [unzip] Processing entry: client/assets/provider-icons/auth_service_apple.svg
[debug] [2025-05-07T17:24:34.546Z] [unzip] else mkdir: /home/user/.cache/firebase/emulators/ui-v1.14.0/client/assets/provider-icons
[debug] [2025-05-07T17:24:34.548Z] [unzip] deflating: /home/user/.cache/firebase/emulators/ui-v1.14.0/client/assets/provider-icons/auth_service_apple.svg
[debug] [2025-05-07T17:24:34.550Z] [unzip] Entry: client/assets/provider-icons/auth_service_github.svg (compressed_size=466 bytes, uncompressed_size=838 bytes)
[debug] [2025-05-07T17:24:34.552Z] [unzip] Processing entry: client/assets/provider-icons/auth_service_github.svg
[debug] [2025-05-07T17:24:34.552Z] [unzip] else mkdir: /home/user/.cache/firebase/emulators/ui-v1.14.0/client/assets/provider-icons
[debug] [2025-05-07T17:24:34.552Z] [unzip] deflating: /home/user/.cache/firebase/emulators/ui-v1.14.0/client/assets/provider-icons/auth_service_github.svg
[debug] [2025-05-07T17:24:34.557Z] [unzip] Entry: client/assets/provider-icons/auth_service_mslive.svg (compressed_size=203 bytes, uncompressed_size=378 bytes)
[debug] [2025-05-07T17:24:34.558Z] [unzip] Processing entry: client/assets/provider-icons/auth_service_mslive.svg
[debug] [2025-05-07T17:24:34.558Z] [unzip] else mkdir: /home/user/.cache/firebase/emulators/ui-v1.14.0/client/assets/provider-icons
[debug] [2025-05-07T17:24:34.558Z] [unzip] deflating: /home/user/.cache/firebase/emulators/ui-v1.14.0/client/assets/provider-icons/auth_service_mslive.svg
[debug] [2025-05-07T17:24:34.564Z] [unzip] Entry: client/assets/provider-icons/auth_service_yahoo.svg (compressed_size=577 bytes, uncompressed_size=1182 bytes)
[debug] [2025-05-07T17:24:34.564Z] [unzip] Processing entry: client/assets/provider-icons/auth_service_yahoo.svg
[debug] [2025-05-07T17:24:34.564Z] [unzip] else mkdir: /home/user/.cache/firebase/emulators/ui-v1.14.0/client/assets/provider-icons
[debug] [2025-05-07T17:24:34.566Z] [unzip] deflating: /home/user/.cache/firebase/emulators/ui-v1.14.0/client/assets/provider-icons/auth_service_yahoo.svg
[debug] [2025-05-07T17:24:34.567Z] [unzip] Entry: client/assets/provider-icons/auth_service_twitter.svg (compressed_size=444 bytes, uncompressed_size=751 bytes)
[debug] [2025-05-07T17:24:34.568Z] [unzip] Processing entry: client/assets/provider-icons/auth_service_twitter.svg
[debug] [2025-05-07T17:24:34.568Z] [unzip] else mkdir: /home/user/.cache/firebase/emulators/ui-v1.14.0/client/assets/provider-icons
[debug] [2025-05-07T17:24:34.568Z] [unzip] deflating: /home/user/.cache/firebase/emulators/ui-v1.14.0/client/assets/provider-icons/auth_service_twitter.svg
[debug] [2025-05-07T17:24:34.570Z] [unzip] Entry: client/assets/provider-icons/auth_service_play_games.svg (compressed_size=565 bytes, uncompressed_size=1173 bytes)
[debug] [2025-05-07T17:24:34.570Z] [unzip] Processing entry: client/assets/provider-icons/auth_service_play_games.svg
[debug] [2025-05-07T17:24:34.571Z] [unzip] else mkdir: /home/user/.cache/firebase/emulators/ui-v1.14.0/client/assets/provider-icons
[debug] [2025-05-07T17:24:34.571Z] [unzip] deflating: /home/user/.cache/firebase/emulators/ui-v1.14.0/client/assets/provider-icons/auth_service_play_games.svg
[debug] [2025-05-07T17:24:34.573Z] [unzip] Entry: client/assets/provider-icons/auth_service_email.svg (compressed_size=228 bytes, uncompressed_size=326 bytes)
[debug] [2025-05-07T17:24:34.573Z] [unzip] Processing entry: client/assets/provider-icons/auth_service_email.svg
[debug] [2025-05-07T17:24:34.574Z] [unzip] else mkdir: /home/user/.cache/firebase/emulators/ui-v1.14.0/client/assets/provider-icons
[debug] [2025-05-07T17:24:34.575Z] [unzip] deflating: /home/user/.cache/firebase/emulators/ui-v1.14.0/client/assets/provider-icons/auth_service_email.svg
[debug] [2025-05-07T17:24:34.576Z] [unzip] Entry: client/assets/provider-icons/auth_service_google.svg (compressed_size=409 bytes, uncompressed_size=720 bytes)
[debug] [2025-05-07T17:24:34.577Z] [unzip] Processing entry: client/assets/provider-icons/auth_service_google.svg
[debug] [2025-05-07T17:24:34.577Z] [unzip] else mkdir: /home/user/.cache/firebase/emulators/ui-v1.14.0/client/assets/provider-icons
[debug] [2025-05-07T17:24:34.577Z] [unzip] deflating: /home/user/.cache/firebase/emulators/ui-v1.14.0/client/assets/provider-icons/auth_service_google.svg
[debug] [2025-05-07T17:24:34.579Z] [unzip] Entry: client/assets/provider-icons/auth_service_oidc.svg (compressed_size=414 bytes, uncompressed_size=858 bytes)
[debug] [2025-05-07T17:24:34.579Z] [unzip] Processing entry: client/assets/provider-icons/auth_service_oidc.svg
[debug] [2025-05-07T17:24:34.579Z] [unzip] else mkdir: /home/user/.cache/firebase/emulators/ui-v1.14.0/client/assets/provider-icons
[debug] [2025-05-07T17:24:34.580Z] [unzip] deflating: /home/user/.cache/firebase/emulators/ui-v1.14.0/client/assets/provider-icons/auth_service_oidc.svg
[debug] [2025-05-07T17:24:34.581Z] [unzip] Entry: client/browserconfig.xml (compressed_size=491 bytes, uncompressed_size=822 bytes)
[debug] [2025-05-07T17:24:34.582Z] [unzip] Processing entry: client/browserconfig.xml
[debug] [2025-05-07T17:24:34.582Z] [unzip] else mkdir: /home/user/.cache/firebase/emulators/ui-v1.14.0/client
[debug] [2025-05-07T17:24:34.582Z] [unzip] deflating: /home/user/.cache/firebase/emulators/ui-v1.14.0/client/browserconfig.xml
[debug] [2025-05-07T17:24:34.584Z] [unzip] Entry: client/favicon-32x32.png (compressed_size=475 bytes, uncompressed_size=475 bytes)
[debug] [2025-05-07T17:24:34.584Z] [unzip] Processing entry: client/favicon-32x32.png
[debug] [2025-05-07T17:24:34.584Z] [unzip] else mkdir: /home/user/.cache/firebase/emulators/ui-v1.14.0/client
[debug] [2025-05-07T17:24:34.585Z] [unzip] Writing file: /home/user/.cache/firebase/emulators/ui-v1.14.0/client/favicon-32x32.png
[debug] [2025-05-07T17:24:34.585Z] [unzip] Entry: server/ (compressed_size=0 bytes, uncompressed_size=0 bytes)
[debug] [2025-05-07T17:24:34.586Z] [unzip] Processing entry: server/
[debug] [2025-05-07T17:24:34.586Z] [unzip] mkdir: /home/user/.cache/firebase/emulators/ui-v1.14.0/server/
[debug] [2025-05-07T17:24:34.586Z] [unzip] Entry: server/server.mjs.map (compressed_size=296496 bytes, uncompressed_size=1355667 bytes)
[debug] [2025-05-07T17:24:34.586Z] [unzip] Processing entry: server/server.mjs.map
[debug] [2025-05-07T17:24:34.586Z] [unzip] else mkdir: /home/user/.cache/firebase/emulators/ui-v1.14.0/server
[debug] [2025-05-07T17:24:34.587Z] [unzip] deflating: /home/user/.cache/firebase/emulators/ui-v1.14.0/server/server.mjs.map
[debug] [2025-05-07T17:24:34.620Z] [unzip] Entry: server/server.mjs (compressed_size=315701 bytes, uncompressed_size=1172682 bytes)
[debug] [2025-05-07T17:24:34.621Z] [unzip] Processing entry: server/server.mjs
[debug] [2025-05-07T17:24:34.621Z] [unzip] else mkdir: /home/user/.cache/firebase/emulators/ui-v1.14.0/server
[debug] [2025-05-07T17:24:34.626Z] [unzip] deflating: /home/user/.cache/firebase/emulators/ui-v1.14.0/server/server.mjs
[debug] [2025-05-07T17:24:34.692Z] [unzip] Entry: server/assets/ (compressed_size=0 bytes, uncompressed_size=0 bytes)
[debug] [2025-05-07T17:24:34.693Z] [unzip] Processing entry: server/assets/
[debug] [2025-05-07T17:24:34.693Z] [unzip] mkdir: /home/user/.cache/firebase/emulators/ui-v1.14.0/server/assets/
[debug] [2025-05-07T17:24:34.694Z] [unzip] Entry: server/assets/multipart-parser-DGCUZdXu.mjs.map (compressed_size=4791 bytes, uncompressed_size=17918 bytes)
[debug] [2025-05-07T17:24:34.695Z] [unzip] Processing entry: server/assets/multipart-parser-DGCUZdXu.mjs.map
[debug] [2025-05-07T17:24:34.695Z] [unzip] else mkdir: /home/user/.cache/firebase/emulators/ui-v1.14.0/server/assets
[debug] [2025-05-07T17:24:34.695Z] [unzip] deflating: /home/user/.cache/firebase/emulators/ui-v1.14.0/server/assets/multipart-parser-DGCUZdXu.mjs.map
[debug] [2025-05-07T17:24:34.699Z] [unzip] Entry: server/assets/multipart-parser-DGCUZdXu.mjs (compressed_size=2621 bytes, uncompressed_size=10390 bytes)
[debug] [2025-05-07T17:24:34.700Z] [unzip] Processing entry: server/assets/multipart-parser-DGCUZdXu.mjs
[debug] [2025-05-07T17:24:34.700Z] [unzip] else mkdir: /home/user/.cache/firebase/emulators/ui-v1.14.0/server/assets
[debug] [2025-05-07T17:24:34.701Z] [unzip] deflating: /home/user/.cache/firebase/emulators/ui-v1.14.0/server/assets/multipart-parser-DGCUZdXu.mjs
[info] i  functions: Watching "/home/user/studio/functions" for Cloud Functions... {"metadata":{"emulator":{"name":"functions"},"message":"Watching \"/home/user/studio/functions\" for Cloud Functions..."}}
[debug] [2025-05-07T17:24:34.737Z] Validating nodejs source
[debug] [2025-05-07T17:24:35.901Z] > [functions] package.json contents: {
  "name": "functions",
  "description": "Cloud Functions for Firebase",
  "scripts": {
    "lint": "eslint .",
    "serve": "firebase emulators:start --only functions",
    "shell": "firebase functions:shell",
    "start": "npm run shell",
    "deploy": "firebase deploy --only functions",
    "logs": "firebase functions:log"
  },
  "engines": {
    "node": "20"
  },
  "main": "index.js",
  "dependencies": {
    "firebase-admin": "^13.3.0",
    "firebase-functions": "^6.3.2",
    "nodemailer": "^7.0.2"
  },
  "devDependencies": {
    "eslint": "^8.15.0",
    "eslint-config-google": "^0.14.0",
    "firebase-functions-test": "^3.1.0"
  },
  "private": true
}
[debug] [2025-05-07T17:24:35.901Z] Building nodejs source
[debug] [2025-05-07T17:24:35.902Z] Failed to find version of module node: reached end of search path /home/user/studio/functions/node_modules
[info] ✔  functions: Using node@20 from host. 
[debug] [2025-05-07T17:24:35.906Z] Could not find functions.yaml. Must use http discovery
[debug] [2025-05-07T17:24:35.913Z] Found firebase-functions binary at '/home/user/studio/functions/node_modules/.bin/firebase-functions'
[debug] [2025-05-07T17:24:38.312Z] Functions emulator received unknown request at path /
[info] Serving at port 8252

[debug] [2025-05-07T17:24:39.015Z] Eventarc emulator received unknown request at path / {"metadata":{"emulator":{"name":"eventarc"},"message":"Eventarc emulator received unknown request at path /"}}
[error] TypeError: Cannot read properties of undefined (reading 'user')
    at Object.<anonymous> (/home/user/studio/functions/index.js:12:35)
    at Module._compile (node:internal/modules/cjs/loader:1529:14)
    at Module._extensions..js (node:internal/modules/cjs/loader:1613:10)
    at Module.load (node:internal/modules/cjs/loader:1275:32)
    at Module._load (node:internal/modules/cjs/loader:1096:12)
    at Module.require (node:internal/modules/cjs/loader:1298:19)
    at require (node:internal/modules/helpers:182:18)
    at loadModule (/home/user/studio/functions/node_modules/firebase-functions/lib/runtime/loader.js:40:16)
    at loadStack (/home/user/studio/functions/node_modules/firebase-functions/lib/runtime/loader.js:157:23)
    at /home/user/studio/functions/node_modules/firebase-functions/lib/bin/firebase-functions.js:56:56

[debug] [2025-05-07T17:24:41.260Z] Got response code 400; body Failed to generate manifest from function source: TypeError: Cannot read properties of undefined (reading 'user')
[error] ⬢  functions: Failed to load function definition from source: FirebaseError: Functions codebase could not be analyzed successfully. It may have a syntax or runtime error {"metadata":{"emulator":{"name":"functions"},"message":"Failed to load function definition from source: FirebaseError: Functions codebase could not be analyzed successfully. It may have a syntax or runtime error"}}
[debug] [2025-05-07T17:24:45.307Z] Could not find VSCode notification endpoint: FetchError: request to http://localhost:40001/vscode/notify failed, reason: connect ECONNREFUSED 127.0.0.1:40001. If you are not running the Firebase Data Connect VSCode extension, this is expected and not an issue.
[info] 
┌─────────────────────────────────────────────────────────────┐
│ ✔  All emulators ready! It is now safe to connect your app. │
│ i  View Emulator UI at http://127.0.0.1:4000/               │
└─────────────────────────────────────────────────────────────┘

┌───────────┬────────────────┬─────────────────────────────────┐
│ Emulator  │ Host:Port      │ View in Emulator UI             │
├───────────┼────────────────┼─────────────────────────────────┤
│ Functions │ 127.0.0.1:5001 │ http://127.0.0.1:4000/functions │
└───────────┴────────────────┴─────────────────────────────────┘
  Emulator Hub host: 127.0.0.1 port: 4400
  Other reserved ports: 4500

Issues? Report them at https://github.com/firebase/firebase-tools/issues and attach the *-debug.log files.
 
